LOG: 2025/06/08 22:27:44 main.go:9: 🚀 Hello Trader! Algo with custom logger started.
LOG: 2025/06/08 22:27:44 main.go:10: ✅ Logger working fine. Time to trade!
LOG: 2025/06/08 22:28:10 main.go:9: 🚀 Hello Trader! Algo with custom logger started.
LOG: 2025/06/08 22:28:10 main.go:10: ✅ Logger working fine. Time to trade!
LOG: 2025/06/09 08:40:31 main.go:10: 🚀 Algo Starting...
LOG: 2025/06/09 08:40:31 main.go:13: ✅ Dhan client initialized.
LOG: 2025/06/09 08:40:31 main.go:14: Client ID: 1100807014
LOG: 2025/06/09 13:00:31 main.go:12: 🚀 Algo Starting...
LOG: 2025/06/09 13:00:31 main.go:15: ✅ Dhan client initialized: 1100807014
LOG: 2025/06/09 13:00:31 main.go:18: 📡 Telegram bot listener activated.
LOG: 2025/06/09 13:28:47 main.go:12: 🚀 Algo Starting...
LOG: 2025/06/09 13:28:47 main.go:15: ✅ Dhan client initialized: 1100807014
LOG: 2025/06/09 13:28:47 main.go:18: 📡 Telegram bot listener activated.
LOG: 2025/06/09 13:32:14 main.go:12: 🚀 Algo Starting...
LOG: 2025/06/09 13:32:14 main.go:15: ✅ Dhan client initialized: 1100807014
LOG: 2025/06/09 13:32:14 main.go:18: 📡 Telegram bot listener activated.
LOG: 2025/06/09 14:00:26 main.go:12: 🚀 Algo Starting...
LOG: 2025/06/09 14:00:26 main.go:15: ✅ Dhan client initialized: 1100807014
LOG: 2025/06/09 14:00:26 main.go:18: 📡 Telegram bot listener activated.
LOG: 2025/06/09 14:01:18 main.go:12: 🚀 Algo Starting...
LOG: 2025/06/09 14:01:18 main.go:15: ✅ Dhan client initialized: 1100807014
LOG: 2025/06/09 14:01:19 main.go:18: 📡 Telegram bot listener activated.
